==51822== Syscall param writev(vector[0]) points to uninitialised byte(s)
==51822== Conditional jump or move depends on uninitialised value(s)
==51822== Conditional jump or move depends on uninitialised value(s)
==51822== Conditional jump or move depends on uninitialised value(s)
==51822== 3 bytes in 1 blocks are still reachable in loss record 1 of 58
==51822== 8 bytes in 1 blocks are still reachable in loss record 2 of 58
==51822== 8 bytes in 1 blocks are still reachable in loss record 3 of 58
==51822== 10 bytes in 1 blocks are still reachable in loss record 4 of 58
==51822== 16 bytes in 1 blocks are still reachable in loss record 5 of 58
==51822== 16 bytes in 1 blocks are still reachable in loss record 6 of 58
==51822== 21 bytes in 1 blocks are still reachable in loss record 7 of 58
==51822== 24 bytes in 1 blocks are still reachable in loss record 8 of 58
==51822== 24 bytes in 1 blocks are still reachable in loss record 9 of 58
==51822== 24 bytes in 1 blocks are still reachable in loss record 10 of 58
==51822== 24 bytes in 1 blocks are still reachable in loss record 11 of 58
==51822== 29 bytes in 1 blocks are still reachable in loss record 12 of 58
==51822== 32 bytes in 1 blocks are still reachable in loss record 13 of 58
==51822== 32 bytes in 1 blocks are still reachable in loss record 14 of 58
==51822== 32 bytes in 1 blocks are still reachable in loss record 15 of 58
==51822== 32 bytes in 1 blocks are still reachable in loss record 16 of 58
==51822== 33 bytes in 1 blocks are still reachable in loss record 17 of 58
==51822== 40 bytes in 1 blocks are still reachable in loss record 18 of 58
==51822== 40 bytes in 1 blocks are still reachable in loss record 19 of 58
==51822== 48 bytes in 1 blocks are still reachable in loss record 20 of 58
==51822== 48 bytes in 1 blocks are still reachable in loss record 21 of 58
==51822== 48 bytes in 1 blocks are still reachable in loss record 22 of 58
==51822== 48 bytes in 1 blocks are still reachable in loss record 23 of 58
==51822== 48 bytes in 1 blocks are still reachable in loss record 24 of 58
==51822== 72 bytes in 1 blocks are still reachable in loss record 25 of 58
==51822== 72 bytes in 1 blocks are still reachable in loss record 26 of 58
==51822== 88 bytes in 1 blocks are still reachable in loss record 27 of 58
==51822== 112 bytes in 1 blocks are still reachable in loss record 28 of 58
==51822== 112 bytes in 1 blocks are still reachable in loss record 29 of 58
==51822== 128 bytes in 1 blocks are still reachable in loss record 30 of 58
==51822== 128 bytes in 1 blocks are still reachable in loss record 31 of 58
==51822== 128 bytes in 1 blocks are still reachable in loss record 32 of 58
==51822== 128 bytes in 1 blocks are still reachable in loss record 33 of 58
==51822== 136 bytes in 1 blocks are still reachable in loss record 34 of 58
==51822== 136 bytes in 1 blocks are still reachable in loss record 35 of 58
==51822== 143 bytes in 1 blocks are still reachable in loss record 36 of 58
==51822== 152 bytes in 1 blocks are still reachable in loss record 37 of 58
==51822== 160 bytes in 1 blocks are still reachable in loss record 38 of 58
==51822== 168 bytes in 1 blocks are still reachable in loss record 39 of 58
==51822== 192 bytes in 1 blocks are still reachable in loss record 40 of 58
==51822== 208 bytes in 1 blocks are still reachable in loss record 41 of 58
==51822== 208 bytes in 1 blocks are still reachable in loss record 42 of 58
==51822== 208 bytes in 1 blocks are still reachable in loss record 43 of 58
==51822== 208 bytes in 1 blocks are still reachable in loss record 44 of 58
==51822== 256 bytes in 1 blocks are still reachable in loss record 45 of 58
==51822== 288 bytes in 6 blocks are still reachable in loss record 46 of 58
==51822== 512 bytes in 1 blocks are still reachable in loss record 47 of 58
==51822== 960 bytes in 1 blocks are still reachable in loss record 48 of 58
==51822== 1,040 bytes in 5 blocks are still reachable in loss record 49 of 58
==51822== 1,800 bytes in 23 blocks are still reachable in loss record 50 of 58
==51822== 2,048 bytes in 1 blocks are still reachable in loss record 51 of 58
==51822== 4,720 bytes in 1 blocks are still reachable in loss record 52 of 58
==51822== 5,120 bytes in 1 blocks are still reachable in loss record 53 of 58
==51822== 5,200 bytes in 25 blocks are still reachable in loss record 54 of 58
==51822== 8,276 bytes in 1 blocks are still reachable in loss record 55 of 58
==51822== 16,384 bytes in 1 blocks are still reachable in loss record 56 of 58
==51822== 18,816 bytes in 2 blocks are still reachable in loss record 57 of 58
==51822== 21,176 bytes in 1 blocks are still reachable in loss record 58 of 58
==51822==    definitely lost: 0 bytes in 0 blocks
==51822==    indirectly lost: 0 bytes in 0 blocks
==51822==      possibly lost: 0 bytes in 0 blocks
==51822==    still reachable: 90,171 bytes in 114 blocks
==51822== ERROR SUMMARY: 4 errors from 4 contexts (suppressed: 0 from 0)
